2024-09-25 10:21:58 - Starting SpringBootRestCrud1Application using Java 21.0.3 with PID 14808 (C:\Users\WELCOME\Documents\workspace-spring-tool-suite-4-4.23.1.RELEASE\SpringBootRestCrud-1\target\classes started by WELCOME in C:\Users\WELCOME\Documents\workspace-spring-tool-suite-4-4.23.1.RELEASE\SpringBootRestCrud-1)
2024-09-25 10:21:58 - No active profile set, falling back to 1 default profile: "default"
2024-09-25 10:21:58 - Devtools property defaults active! Set 'spring.devtools.add-properties' to 'false' to disable
2024-09-25 10:21:58 - For additional web related logging consider setting the 'logging.level.web' property to 'DEBUG'
2024-09-25 10:22:01 - Bootstrapping Spring Data JPA repositories in DEFAULT mode.
2024-09-25 10:22:01 - Finished Spring Data repository scanning in 274 ms. Found 1 JPA repository interface.
2024-09-25 10:22:05 - Tomcat initialized with port 8080 (http)
2024-09-25 10:22:05 - Initializing ProtocolHandler ["http-nio-8080"]
2024-09-25 10:22:05 - Starting service [Tomcat]
2024-09-25 10:22:05 - Starting Servlet engine: [Apache Tomcat/10.1.30]
2024-09-25 10:22:05 - Initializing Spring embedded WebApplicationContext
2024-09-25 10:22:05 - Root WebApplicationContext: initialization completed in 7095 ms
2024-09-25 10:22:06 - HHH000204: Processing PersistenceUnitInfo [name: default]
2024-09-25 10:22:06 - HHH000412: Hibernate ORM core version 6.5.3.Final
2024-09-25 10:22:06 - HHH000026: Second-level cache disabled
2024-09-25 10:22:08 - No LoadTimeWeaver setup: ignoring JPA class transformer
2024-09-25 10:22:08 - HikariPool-1 - Starting...
2024-09-25 10:22:09 - HikariPool-1 - Added connection com.mysql.cj.jdbc.ConnectionImpl@1b6bfbc8
2024-09-25 10:22:09 - HikariPool-1 - Start completed.
2024-09-25 10:22:13 - HHH000489: No JTA platform available (set 'hibernate.transaction.jta.platform' to enable JTA platform integration)
2024-09-25 10:22:13 - Initialized JPA EntityManagerFactory for persistence unit 'default'
2024-09-25 10:22:14 - spring.jpa.open-in-view is enabled by default. Therefore, database queries may be performed during view rendering. Explicitly configure spring.jpa.open-in-view to disable this warning
2024-09-25 10:22:16 - LiveReload server is running on port 35729
2024-09-25 10:22:16 - Starting ProtocolHandler ["http-nio-8080"]
2024-09-25 10:22:16 - Tomcat started on port 8080 (http) with context path '/'
2024-09-25 10:22:16 - Started SpringBootRestCrud1Application in 21.529 seconds (process running for 23.743)
2024-09-25 10:22:48 - Initializing Spring DispatcherServlet 'dispatcherServlet'
2024-09-25 10:22:48 - Initializing Servlet 'dispatcherServlet'
2024-09-25 10:22:48 - Completed initialization in 5 ms
2024-09-25 10:24:03 - Servlet.service() for servlet [dispatcherServlet] in context with path [] threw exception [Request processing failed: com.springboot.crud.exception.ClientNotFoundException: Client with id 153 not found] with root cause
com.springboot.crud.exception.ClientNotFoundException: Client with id 153 not found
	at com.springboot.crud.service.ClientService.lambda$0(ClientService.java:33)
	at java.base/java.util.Optional.orElseThrow(Optional.java:403)
	at com.springboot.crud.service.ClientService.getClientById(ClientService.java:33)
	at com.springboot.crud.controller.ClientsController.getClientByID(ClientsController.java:42)
	at java.base/jdk.internal.reflect.DirectMethodHandleAccessor.invoke(DirectMethodHandleAccessor.java:103)
	at java.base/java.lang.reflect.Method.invoke(Method.java:580)
	at org.springframework.web.method.support.InvocableHandlerMethod.doInvoke(InvocableHandlerMethod.java:255)
	at org.springframework.web.method.support.InvocableHandlerMethod.invokeForRequest(InvocableHandlerMethod.java:188)
	at org.springframework.web.servlet.mvc.method.annotation.ServletInvocableHandlerMethod.invokeAndHandle(ServletInvocableHandlerMethod.java:118)
	at org.springframework.web.servlet.mvc.method.annotation.RequestMappingHandlerAdapter.invokeHandlerMethod(RequestMappingHandlerAdapter.java:926)
	at org.springframework.web.servlet.mvc.method.annotation.RequestMappingHandlerAdapter.handleInternal(RequestMappingHandlerAdapter.java:831)
	at org.springframework.web.servlet.mvc.method.AbstractHandlerMethodAdapter.handle(AbstractHandlerMethodAdapter.java:87)
	at org.springframework.web.servlet.DispatcherServlet.doDispatch(DispatcherServlet.java:1089)
	at org.springframework.web.servlet.DispatcherServlet.doService(DispatcherServlet.java:979)
	at org.springframework.web.servlet.FrameworkServlet.processRequest(FrameworkServlet.java:1014)
	at org.springframework.web.servlet.FrameworkServlet.doGet(FrameworkServlet.java:903)
	at jakarta.servlet.http.HttpServlet.service(HttpServlet.java:564)
	at org.springframework.web.servlet.FrameworkServlet.service(FrameworkServlet.java:885)
	at jakarta.servlet.http.HttpServlet.service(HttpServlet.java:658)
	at org.apache.catalina.core.ApplicationFilterChain.internalDoFilter(ApplicationFilterChain.java:195)
	at org.apache.catalina.core.ApplicationFilterChain.doFilter(ApplicationFilterChain.java:140)
	at org.apache.tomcat.websocket.server.WsFilter.doFilter(WsFilter.java:51)
	at org.apache.catalina.core.ApplicationFilterChain.internalDoFilter(ApplicationFilterChain.java:164)
	at org.apache.catalina.core.ApplicationFilterChain.doFilter(ApplicationFilterChain.java:140)
	at org.springframework.web.filter.RequestContextFilter.doFilterInternal(RequestContextFilter.java:100)
	at org.springframework.web.filter.OncePerRequestFilter.doFilter(OncePerRequestFilter.java:116)
	at org.apache.catalina.core.ApplicationFilterChain.internalDoFilter(ApplicationFilterChain.java:164)
	at org.apache.catalina.core.ApplicationFilterChain.doFilter(ApplicationFilterChain.java:140)
	at org.springframework.web.filter.FormContentFilter.doFilterInternal(FormContentFilter.java:93)
	at org.springframework.web.filter.OncePerRequestFilter.doFilter(OncePerRequestFilter.java:116)
	at org.apache.catalina.core.ApplicationFilterChain.internalDoFilter(ApplicationFilterChain.java:164)
	at org.apache.catalina.core.ApplicationFilterChain.doFilter(ApplicationFilterChain.java:140)
	at org.springframework.web.filter.CharacterEncodingFilter.doFilterInternal(CharacterEncodingFilter.java:201)
	at org.springframework.web.filter.OncePerRequestFilter.doFilter(OncePerRequestFilter.java:116)
	at org.apache.catalina.core.ApplicationFilterChain.internalDoFilter(ApplicationFilterChain.java:164)
	at org.apache.catalina.core.ApplicationFilterChain.doFilter(ApplicationFilterChain.java:140)
	at org.apache.catalina.core.StandardWrapperValve.invoke(StandardWrapperValve.java:167)
	at org.apache.catalina.core.StandardContextValve.invoke(StandardContextValve.java:90)
	at org.apache.catalina.authenticator.AuthenticatorBase.invoke(AuthenticatorBase.java:483)
	at org.apache.catalina.core.StandardHostValve.invoke(StandardHostValve.java:115)
	at org.apache.catalina.valves.ErrorReportValve.invoke(ErrorReportValve.java:93)
	at org.apache.catalina.core.StandardEngineValve.invoke(StandardEngineValve.java:74)
	at org.apache.catalina.connector.CoyoteAdapter.service(CoyoteAdapter.java:344)
	at org.apache.coyote.http11.Http11Processor.service(Http11Processor.java:384)
	at org.apache.coyote.AbstractProcessorLight.process(AbstractProcessorLight.java:63)
	at org.apache.coyote.AbstractProtocol$ConnectionHandler.process(AbstractProtocol.java:905)
	at org.apache.tomcat.util.net.NioEndpoint$SocketProcessor.doRun(NioEndpoint.java:1741)
	at org.apache.tomcat.util.net.SocketProcessorBase.run(SocketProcessorBase.java:52)
	at org.apache.tomcat.util.threads.ThreadPoolExecutor.runWorker(ThreadPoolExecutor.java:1190)
	at org.apache.tomcat.util.threads.ThreadPoolExecutor$Worker.run(ThreadPoolExecutor.java:659)
	at org.apache.tomcat.util.threads.TaskThread$WrappingRunnable.run(TaskThread.java:63)
	at java.base/java.lang.Thread.run(Thread.java:1583)
2024-09-25 11:02:21 - HikariPool-1 - Thread starvation or clock leap detected (housekeeper delta=1m14s451ms497µs900ns).
2024-09-25 12:56:42 - Restarting due to 1 class path change (0 additions, 0 deletions, 1 modification)
2024-09-25 12:56:43 - Stopping ProtocolHandler ["http-nio-8080"]
2024-09-25 12:56:44 - Closing JPA EntityManagerFactory for persistence unit 'default'
2024-09-25 12:56:44 - HikariPool-1 - Shutdown initiated...
2024-09-25 12:56:45 - HikariPool-1 - Shutdown completed.
2024-09-25 12:56:48 - Starting SpringBootRestCrud1Application using Java 21.0.3 with PID 14808 (C:\Users\WELCOME\Documents\workspace-spring-tool-suite-4-4.23.1.RELEASE\SpringBootRestCrud-1\target\classes started by WELCOME in C:\Users\WELCOME\Documents\workspace-spring-tool-suite-4-4.23.1.RELEASE\SpringBootRestCrud-1)
2024-09-25 12:56:48 - No active profile set, falling back to 1 default profile: "default"
2024-09-25 12:56:49 - Bootstrapping Spring Data JPA repositories in DEFAULT mode.
2024-09-25 12:56:49 - Finished Spring Data repository scanning in 40 ms. Found 1 JPA repository interface.
2024-09-25 12:56:50 - Tomcat initialized with port 8080 (http)
2024-09-25 12:56:50 - Initializing ProtocolHandler ["http-nio-8080"]
2024-09-25 12:56:50 - Starting service [Tomcat]
2024-09-25 12:56:50 - Starting Servlet engine: [Apache Tomcat/10.1.30]
2024-09-25 12:56:50 - Initializing Spring embedded WebApplicationContext
2024-09-25 12:56:50 - Root WebApplicationContext: initialization completed in 2237 ms
2024-09-25 12:56:50 - HHH000204: Processing PersistenceUnitInfo [name: default]
2024-09-25 12:56:50 - HHH000026: Second-level cache disabled
2024-09-25 12:56:50 - No LoadTimeWeaver setup: ignoring JPA class transformer
2024-09-25 12:56:50 - HikariPool-2 - Starting...
2024-09-25 12:56:50 - HikariPool-2 - Added connection com.mysql.cj.jdbc.ConnectionImpl@2310fbde
2024-09-25 12:56:50 - HikariPool-2 - Start completed.
2024-09-25 12:56:51 - HHH000489: No JTA platform available (set 'hibernate.transaction.jta.platform' to enable JTA platform integration)
2024-09-25 12:56:51 - Initialized JPA EntityManagerFactory for persistence unit 'default'
2024-09-25 12:56:51 - spring.jpa.open-in-view is enabled by default. Therefore, database queries may be performed during view rendering. Explicitly configure spring.jpa.open-in-view to disable this warning
2024-09-25 12:56:52 - LiveReload server is running on port 35729
2024-09-25 12:56:52 - Starting ProtocolHandler ["http-nio-8080"]
2024-09-25 12:56:52 - Tomcat started on port 8080 (http) with context path '/'
2024-09-25 12:56:52 - Started SpringBootRestCrud1Application in 4.382 seconds (process running for 9302.885)
2024-09-25 12:56:52 - Condition evaluation unchanged
2024-09-25 14:00:15 - HikariPool-2 - Thread starvation or clock leap detected (housekeeper delta=30m24s29ms930µs401ns).
2024-09-25 14:56:51 - Restarting due to 1 class path change (1 addition, 0 deletions, 0 modifications)
2024-09-25 14:56:51 - Stopping ProtocolHandler ["http-nio-8080"]
2024-09-25 14:56:51 - Closing JPA EntityManagerFactory for persistence unit 'default'
2024-09-25 14:56:52 - HikariPool-2 - Shutdown initiated...
2024-09-25 14:56:52 - HikariPool-2 - Shutdown completed.
2024-09-25 14:56:54 - Starting SpringBootRestCrud1Application using Java 21.0.3 with PID 14808 (C:\Users\WELCOME\Documents\workspace-spring-tool-suite-4-4.23.1.RELEASE\SpringBootRestCrud-1\target\classes started by WELCOME in C:\Users\WELCOME\Documents\workspace-spring-tool-suite-4-4.23.1.RELEASE\SpringBootRestCrud-1)
2024-09-25 14:56:54 - No active profile set, falling back to 1 default profile: "default"
2024-09-25 14:56:56 - Bootstrapping Spring Data JPA repositories in DEFAULT mode.
2024-09-25 14:56:56 - Finished Spring Data repository scanning in 92 ms. Found 1 JPA repository interface.
2024-09-25 14:56:57 - Tomcat initialized with port 8080 (http)
2024-09-25 14:56:57 - Initializing ProtocolHandler ["http-nio-8080"]
2024-09-25 14:56:57 - Starting service [Tomcat]
2024-09-25 14:56:57 - Starting Servlet engine: [Apache Tomcat/10.1.30]
2024-09-25 14:56:57 - Initializing Spring embedded WebApplicationContext
2024-09-25 14:56:57 - Root WebApplicationContext: initialization completed in 3261 ms
2024-09-25 14:56:58 - HHH000204: Processing PersistenceUnitInfo [name: default]
2024-09-25 14:56:58 - HHH000026: Second-level cache disabled
2024-09-25 14:56:58 - No LoadTimeWeaver setup: ignoring JPA class transformer
2024-09-25 14:56:58 - HikariPool-3 - Starting...
2024-09-25 14:56:58 - HikariPool-3 - Added connection com.mysql.cj.jdbc.ConnectionImpl@42dead80
2024-09-25 14:56:58 - HikariPool-3 - Start completed.
2024-09-25 14:56:58 - HHH000489: No JTA platform available (set 'hibernate.transaction.jta.platform' to enable JTA platform integration)
2024-09-25 14:56:58 - Initialized JPA EntityManagerFactory for persistence unit 'default'
2024-09-25 14:56:59 - spring.jpa.open-in-view is enabled by default. Therefore, database queries may be performed during view rendering. Explicitly configure spring.jpa.open-in-view to disable this warning
2024-09-25 14:56:59 - LiveReload server is running on port 35729
2024-09-25 14:56:59 - Starting ProtocolHandler ["http-nio-8080"]
2024-09-25 14:56:59 - Tomcat started on port 8080 (http) with context path '/'
2024-09-25 14:56:59 - Started SpringBootRestCrud1Application in 5.57 seconds (process running for 16510.352)
2024-09-25 14:56:59 - Condition evaluation unchanged
2024-09-25 15:16:08 - Restarting due to 1 class path change (0 additions, 0 deletions, 1 modification)
2024-09-25 15:16:08 - Stopping ProtocolHandler ["http-nio-8080"]
2024-09-25 15:16:09 - Closing JPA EntityManagerFactory for persistence unit 'default'
2024-09-25 15:16:09 - HikariPool-3 - Shutdown initiated...
2024-09-25 15:16:09 - HikariPool-3 - Shutdown completed.
2024-09-25 15:16:12 - Starting SpringBootRestCrud1Application using Java 21.0.3 with PID 14808 (C:\Users\WELCOME\Documents\workspace-spring-tool-suite-4-4.23.1.RELEASE\SpringBootRestCrud-1\target\classes started by WELCOME in C:\Users\WELCOME\Documents\workspace-spring-tool-suite-4-4.23.1.RELEASE\SpringBootRestCrud-1)
2024-09-25 15:16:12 - No active profile set, falling back to 1 default profile: "default"
2024-09-25 15:16:14 - Bootstrapping Spring Data JPA repositories in DEFAULT mode.
2024-09-25 15:16:14 - Finished Spring Data repository scanning in 42 ms. Found 1 JPA repository interface.
2024-09-25 15:16:14 - Tomcat initialized with port 8080 (http)
2024-09-25 15:16:14 - Initializing ProtocolHandler ["http-nio-8080"]
2024-09-25 15:16:14 - Starting service [Tomcat]
2024-09-25 15:16:14 - Starting Servlet engine: [Apache Tomcat/10.1.30]
2024-09-25 15:16:15 - Initializing Spring embedded WebApplicationContext
2024-09-25 15:16:15 - Root WebApplicationContext: initialization completed in 2261 ms
2024-09-25 15:16:15 - HHH000204: Processing PersistenceUnitInfo [name: default]
2024-09-25 15:16:15 - HHH000026: Second-level cache disabled
2024-09-25 15:16:15 - No LoadTimeWeaver setup: ignoring JPA class transformer
2024-09-25 15:16:15 - HikariPool-4 - Starting...
2024-09-25 15:16:15 - HikariPool-4 - Added connection com.mysql.cj.jdbc.ConnectionImpl@d8071a8
2024-09-25 15:16:15 - HikariPool-4 - Start completed.
2024-09-25 15:16:15 - HHH000489: No JTA platform available (set 'hibernate.transaction.jta.platform' to enable JTA platform integration)
2024-09-25 15:16:15 - Initialized JPA EntityManagerFactory for persistence unit 'default'
2024-09-25 15:16:16 - spring.jpa.open-in-view is enabled by default. Therefore, database queries may be performed during view rendering. Explicitly configure spring.jpa.open-in-view to disable this warning
2024-09-25 15:16:16 - LiveReload server is running on port 35729
2024-09-25 15:16:16 - Starting ProtocolHandler ["http-nio-8080"]
2024-09-25 15:16:16 - Tomcat started on port 8080 (http) with context path '/'
2024-09-25 15:16:16 - Started SpringBootRestCrud1Application in 4.815 seconds (process running for 17667.497)
2024-09-25 15:16:16 - Condition evaluation unchanged
2024-09-25 16:25:24 - HikariPool-4 - Thread starvation or clock leap detected (housekeeper delta=27m38s429ms39µs800ns).
